<?xml version="1.0" encoding="UTF-8"?>
<!-- Generated by org.testng.reporters.JUnitXMLReporter -->
<testsuite ignored="1" hostname="Phanuwats-MBP.fios-router.home" failures="0" tests="1" name="Default test" time="21.114" errors="0" timestamp="2022-03-06T01:33:55 EST">
  <testcase classname="practice_Automation_Testing.HomePageTC" name="threeArrivalsOnly" time="9.175"/>
  <testcase classname="practice_Automation_Testing.HomePageTC" name="threeSlidersOnly" time="0.0">
    <ignored/>
  </testcase> <!-- threeSlidersOnly -->
</testsuite> <!-- Default test -->
