<?xml version="1.0" encoding="UTF-8"?>
<!-- Generated by org.testng.reporters.JUnitXMLReporter -->
<testsuite ignored="5" hostname="Phanuwats-MBP.fios-router.home" failures="0" tests="1" name="Default test" time="34.937" errors="0" timestamp="2022-03-09T00:40:13 EST">
  <testcase classname="practice_Automation_Testing.HomePageTC" name="TC006_arrivalsImageAddToBasket" time="14.84"/>
  <testcase classname="practice_Automation_Testing.HomePageTC" name="TC004_arrivalsImagesDescription" time="0.0">
    <ignored/>
  </testcase> <!-- TC004_arrivalsImagesDescription -->
  <testcase classname="practice_Automation_Testing.HomePageTC" name="TC002_threeArrivalsOnly" time="0.0">
    <ignored/>
  </testcase> <!-- TC002_threeArrivalsOnly -->
  <testcase classname="practice_Automation_Testing.HomePageTC" name="TC003_imageArrivalsShouldNavigate" time="0.0">
    <ignored/>
  </testcase> <!-- TC003_imageArrivalsShouldNavigate -->
  <testcase classname="practice_Automation_Testing.HomePageTC" name="TC001_threeSlidersOnly" time="0.0">
    <ignored/>
  </testcase> <!-- TC001_threeSlidersOnly -->
  <testcase classname="practice_Automation_Testing.HomePageTC" name="TC005_arrivalsImagesReview" time="0.0">
    <ignored/>
  </testcase> <!-- TC005_arrivalsImagesReview -->
</testsuite> <!-- Default test -->
