<?xml version="1.0" encoding="UTF-8"?>
<testng-results ignored="0" total="1" passed="1" failed="0" skipped="0">
  <reporter-output>
  </reporter-output>
  <suite started-at="2022-03-05T17:12:01 EST" name="Default suite" finished-at="2022-03-05T17:12:25 EST" duration-ms="23951">
    <groups>
    </groups>
    <test started-at="2022-03-05T17:12:01 EST" name="Default test" finished-at="2022-03-05T17:12:25 EST" duration-ms="23951">
      <class name="Practice_Automation_Testing.homePage">
        <test-method is-config="true" signature="beforeTest()[pri:0, instance:Practice_Automation_Testing.homePage@10d307f1]" started-at="2022-03-05T17:12:01 EST" name="beforeTest" finished-at="2022-03-05T17:12:14 EST" duration-ms="12630" status="PASS">
          <reporter-output>
          </reporter-output>
        </test-method> <!-- beforeTest -->
        <test-method signature="threeSlidersOnly()[pri:0, instance:Practice_Automation_Testing.homePage@10d307f1]" started-at="2022-03-05T17:12:14 EST" name="threeSlidersOnly" finished-at="2022-03-05T17:12:25 EST" duration-ms="11161" status="PASS">
          <reporter-output>
          </reporter-output>
        </test-method> <!-- threeSlidersOnly -->
        <test-method is-config="true" signature="tearDown()[pri:0, instance:Practice_Automation_Testing.homePage@10d307f1]" started-at="2022-03-05T17:12:25 EST" name="tearDown" finished-at="2022-03-05T17:12:25 EST" duration-ms="111" status="PASS">
          <reporter-output>
          </reporter-output>
        </test-method> <!-- tearDown -->
      </class> <!-- Practice_Automation_Testing.homePage -->
    </test> <!-- Default test -->
  </suite> <!-- Default suite -->
</testng-results>
