<?xml version="1.0" encoding="UTF-8"?>
<testng-results ignored="5" total="6" passed="1" failed="0" skipped="0">
  <reporter-output>
  </reporter-output>
  <suite started-at="2022-03-09T00:39:38 EST" name="Default suite" finished-at="2022-03-09T00:40:13 EST" duration-ms="34937">
    <groups>
    </groups>
    <test started-at="2022-03-09T00:39:38 EST" name="Default test" finished-at="2022-03-09T00:40:13 EST" duration-ms="34937">
      <class name="practice_Automation_Testing.HomePageTC">
        <test-method is-config="true" signature="beforeTest()[pri:0, instance:practice_Automation_Testing.HomePageTC@483f6d77]" started-at="2022-03-09T00:39:38 EST" name="beforeTest" finished-at="2022-03-09T00:39:58 EST" duration-ms="19876" status="PASS">
          <reporter-output>
          </reporter-output>
        </test-method> <!-- beforeTest -->
        <test-method signature="TC006_arrivalsImageAddToBasket()[pri:0, instance:practice_Automation_Testing.HomePageTC@483f6d77]" started-at="2022-03-09T00:39:58 EST" name="TC006_arrivalsImageAddToBasket" finished-at="2022-03-09T00:40:12 EST" duration-ms="14840" status="PASS">
          <reporter-output>
          </reporter-output>
        </test-method> <!-- TC006_arrivalsImageAddToBasket -->
        <test-method is-config="true" signature="tearDown()[pri:0, instance:practice_Automation_Testing.HomePageTC@483f6d77]" started-at="2022-03-09T00:40:12 EST" name="tearDown" finished-at="2022-03-09T00:40:13 EST" duration-ms="157" status="PASS">
          <reporter-output>
          </reporter-output>
        </test-method> <!-- tearDown -->
      </class> <!-- practice_Automation_Testing.HomePageTC -->
    </test> <!-- Default test -->
  </suite> <!-- Default suite -->
</testng-results>
